<?xml version="1.0" encoding="UTF-8"?>
<testsuite name="com.hitansh.hangman.HangmanApplicationTests" tests="1" skipped="0" failures="0" errors="0" timestamp="2024-06-27T16:54:20" hostname="DESKTOP-88EK36K" time="1.106">
  <properties/>
  <testcase name="contextLoads()" classname="com.hitansh.hangman.HangmanApplicationTests" time="1.106"/>
  <system-out><![CDATA[22:24:06.117 [Test worker] INFO org.springframework.test.context.support.AnnotationConfigContextLoaderUtils -- Could not detect default configuration classes for test class [com.hitansh.hangman.HangmanApplicationTests]: HangmanApplicationTests does not declare any static, non-private, non-final, nested classes annotated with @Configuration.
22:24:06.370 [Test worker] INFO org.springframework.boot.test.context.SpringBootTestContextBootstrapper -- Found @SpringBootConfiguration com.hitansh.hangman.HangmanApplication for test class com.hitansh.hangman.HangmanApplicationTests

  .   ____          _            __ _ _
 /\\ / ___'_ __ _ _(_)_ __  __ _ \ \ \ \
( ( )\___ | '_ | '_| | '_ \/ _` | \ \ \ \
 \\/  ___)| |_)| | | | | || (_| |  ) ) ) )
  '  |____| .__|_| |_|_| |_\__, | / / / /
 =========|_|==============|___/=/_/_/_/
 :: Spring Boot ::                (v3.2.3)

2024-06-27T22:24:07.250+05:30  INFO 6792 --- [    Test worker] c.h.hangman.HangmanApplicationTests      : Starting HangmanApplicationTests using Java 19.0.1 with PID 6792 (started by Administrator in C:\Users\Administrator\Downloads\hangmanGame3\hangmanGame3)
2024-06-27T22:24:07.253+05:30  INFO 6792 --- [    Test worker] c.h.hangman.HangmanApplicationTests      : No active profile set, falling back to 1 default profile: "default"
2024-06-27T22:24:09.789+05:30  INFO 6792 --- [    Test worker] .s.d.r.c.RepositoryConfigurationDelegate : Bootstrapping Spring Data JPA repositories in DEFAULT mode.
2024-06-27T22:24:10.032+05:30  INFO 6792 --- [    Test worker] .s.d.r.c.RepositoryConfigurationDelegate : Finished Spring Data repository scanning in 199 ms. Found 1 JPA repository interface.
2024-06-27T22:24:11.807+05:30  INFO 6792 --- [    Test worker] o.hibernate.jpa.internal.util.LogHelper  : HHH000204: Processing PersistenceUnitInfo [name: default]
2024-06-27T22:24:11.966+05:30  INFO 6792 --- [    Test worker] org.hibernate.Version                    : HHH000412: Hibernate ORM core version 6.4.4.Final
2024-06-27T22:24:12.096+05:30  INFO 6792 --- [    Test worker] o.h.c.internal.RegionFactoryInitiator    : HHH000026: Second-level cache disabled
2024-06-27T22:24:12.776+05:30  INFO 6792 --- [    Test worker] o.s.o.j.p.SpringPersistenceUnitInfo      : No LoadTimeWeaver setup: ignoring JPA class transformer
2024-06-27T22:24:12.842+05:30  INFO 6792 --- [    Test worker] com.zaxxer.hikari.HikariDataSource       : HikariPool-1 - Starting...
2024-06-27T22:24:13.593+05:30  INFO 6792 --- [    Test worker] com.zaxxer.hikari.pool.HikariPool        : HikariPool-1 - Added connection com.mysql.cj.jdbc.ConnectionImpl@2e3900dc
2024-06-27T22:24:13.602+05:30  INFO 6792 --- [    Test worker] com.zaxxer.hikari.HikariDataSource       : HikariPool-1 - Start completed.
2024-06-27T22:24:13.721+05:30  WARN 6792 --- [    Test worker] org.hibernate.orm.deprecation            : HHH90000025: MySQL8Dialect does not need to be specified explicitly using 'hibernate.dialect' (remove the property setting and it will be selected by default)
2024-06-27T22:24:13.736+05:30  WARN 6792 --- [    Test worker] org.hibernate.orm.deprecation            : HHH90000026: MySQL8Dialect has been deprecated; use org.hibernate.dialect.MySQLDialect instead
2024-06-27T22:24:16.902+05:30  INFO 6792 --- [    Test worker] o.h.e.t.j.p.i.JtaPlatformInitiator       : HHH000489: No JTA platform available (set 'hibernate.transaction.jta.platform' to enable JTA platform integration)
2024-06-27T22:24:17.198+05:30  INFO 6792 --- [    Test worker] j.LocalContainerEntityManagerFactoryBean : Initialized JPA EntityManagerFactory for persistence unit 'default'
2024-06-27T22:24:17.970+05:30  WARN 6792 --- [    Test worker] JpaBaseConfiguration$JpaWebConfiguration : spring.jpa.open-in-view is enabled by default. Therefore, database queries may be performed during view rendering. Explicitly configure spring.jpa.open-in-view to disable this warning
2024-06-27T22:24:18.844+05:30  INFO 6792 --- [    Test worker] o.s.s.web.DefaultSecurityFilterChain     : Will secure any request with [org.springframework.security.web.session.DisableEncodeUrlFilter@7e9d171c, org.springframework.security.web.context.request.async.WebAsyncManagerIntegrationFilter@3a1540be, org.springframework.security.web.context.SecurityContextHolderFilter@6202f8bf, org.springframework.security.web.header.HeaderWriterFilter@408bb173, org.springframework.web.filter.CorsFilter@6aff157e, org.springframework.security.web.authentication.logout.LogoutFilter@60ae950f, com.hitansh.hangman.filter.JwtAuthenticationFilter@5c30decf, org.springframework.security.web.savedrequest.RequestCacheAwareFilter@ab595e8, org.springframework.security.web.servletapi.SecurityContextHolderAwareRequestFilter@170937fe, org.springframework.security.web.authentication.AnonymousAuthenticationFilter@65fa1cd, org.springframework.security.web.session.SessionManagementFilter@7da59f6e, org.springframework.security.web.access.ExceptionTranslationFilter@8318808, org.springframework.security.web.access.intercept.AuthorizationFilter@1dab2cf5]
2024-06-27T22:24:18.868+05:30  WARN 6792 --- [    Test worker] o.s.s.c.a.web.builders.WebSecurity       : 

********************************************************************
**********        Security debugging is enabled.       *************
**********    This may include sensitive information.  *************
**********      Do not use in a production system!     *************
********************************************************************


2024-06-27T22:24:20.822+05:30  INFO 6792 --- [    Test worker] c.h.hangman.HangmanApplicationTests      : Started HangmanApplicationTests in 14.076 seconds (process running for 17.379)
]]></system-out>
  <system-err><![CDATA[]]></system-err>
</testsuite>
