<?xml version="1.0" encoding="UTF-8"?>
<testsuite name="com.hitansh.hangman.HangmanApplicationTests" tests="1" skipped="0" failures="0" errors="0" timestamp="2024-06-27T15:22:02" hostname="DESKTOP-88EK36K" time="2.786">
  <properties/>
  <testcase name="contextLoads()" classname="com.hitansh.hangman.HangmanApplicationTests" time="2.786"/>
  <system-out><![CDATA[20:51:42.489 [Test worker] INFO org.springframework.test.context.support.AnnotationConfigContextLoaderUtils -- Could not detect default configuration classes for test class [com.hitansh.hangman.HangmanApplicationTests]: HangmanApplicationTests does not declare any static, non-private, non-final, nested classes annotated with @Configuration.
20:51:42.855 [Test worker] INFO org.springframework.boot.test.context.SpringBootTestContextBootstrapper -- Found @SpringBootConfiguration com.hitansh.hangman.HangmanApplication for test class com.hitansh.hangman.HangmanApplicationTests

  .   ____          _            __ _ _
 /\\ / ___'_ __ _ _(_)_ __  __ _ \ \ \ \
( ( )\___ | '_ | '_| | '_ \/ _` | \ \ \ \
 \\/  ___)| |_)| | | | | || (_| |  ) ) ) )
  '  |____| .__|_| |_|_| |_\__, | / / / /
 =========|_|==============|___/=/_/_/_/
 :: Spring Boot ::                (v3.2.3)

2024-06-27T20:51:45.070+05:30  INFO 10160 --- [    Test worker] c.h.hangman.HangmanApplicationTests      : Starting HangmanApplicationTests using Java 19.0.1 with PID 10160 (started by Administrator in C:\Users\Administrator\Downloads\hangmanGame3\hangmanGame3)
2024-06-27T20:51:45.074+05:30  INFO 10160 --- [    Test worker] c.h.hangman.HangmanApplicationTests      : No active profile set, falling back to 1 default profile: "default"
2024-06-27T20:51:49.497+05:30  INFO 10160 --- [    Test worker] .s.d.r.c.RepositoryConfigurationDelegate : Bootstrapping Spring Data JPA repositories in DEFAULT mode.
2024-06-27T20:51:49.705+05:30  INFO 10160 --- [    Test worker] .s.d.r.c.RepositoryConfigurationDelegate : Finished Spring Data repository scanning in 177 ms. Found 1 JPA repository interface.
2024-06-27T20:51:51.491+05:30  INFO 10160 --- [    Test worker] o.hibernate.jpa.internal.util.LogHelper  : HHH000204: Processing PersistenceUnitInfo [name: default]
2024-06-27T20:51:51.756+05:30  INFO 10160 --- [    Test worker] org.hibernate.Version                    : HHH000412: Hibernate ORM core version 6.4.4.Final
2024-06-27T20:51:51.896+05:30  INFO 10160 --- [    Test worker] o.h.c.internal.RegionFactoryInitiator    : HHH000026: Second-level cache disabled
2024-06-27T20:51:52.863+05:30  INFO 10160 --- [    Test worker] o.s.o.j.p.SpringPersistenceUnitInfo      : No LoadTimeWeaver setup: ignoring JPA class transformer
2024-06-27T20:51:52.962+05:30  INFO 10160 --- [    Test worker] com.zaxxer.hikari.HikariDataSource       : HikariPool-1 - Starting...
2024-06-27T20:51:53.959+05:30  INFO 10160 --- [    Test worker] com.zaxxer.hikari.pool.HikariPool        : HikariPool-1 - Added connection com.mysql.cj.jdbc.ConnectionImpl@8debe42
2024-06-27T20:51:53.966+05:30  INFO 10160 --- [    Test worker] com.zaxxer.hikari.HikariDataSource       : HikariPool-1 - Start completed.
2024-06-27T20:51:54.165+05:30  WARN 10160 --- [    Test worker] org.hibernate.orm.deprecation            : HHH90000025: MySQL8Dialect does not need to be specified explicitly using 'hibernate.dialect' (remove the property setting and it will be selected by default)
2024-06-27T20:51:54.169+05:30  WARN 10160 --- [    Test worker] org.hibernate.orm.deprecation            : HHH90000026: MySQL8Dialect has been deprecated; use org.hibernate.dialect.MySQLDialect instead
2024-06-27T20:51:57.914+05:30  INFO 10160 --- [    Test worker] o.h.e.t.j.p.i.JtaPlatformInitiator       : HHH000489: No JTA platform available (set 'hibernate.transaction.jta.platform' to enable JTA platform integration)
2024-06-27T20:51:58.155+05:30  INFO 10160 --- [    Test worker] j.LocalContainerEntityManagerFactoryBean : Initialized JPA EntityManagerFactory for persistence unit 'default'
2024-06-27T20:51:58.862+05:30  WARN 10160 --- [    Test worker] JpaBaseConfiguration$JpaWebConfiguration : spring.jpa.open-in-view is enabled by default. Therefore, database queries may be performed during view rendering. Explicitly configure spring.jpa.open-in-view to disable this warning
2024-06-27T20:51:59.743+05:30  INFO 10160 --- [    Test worker] o.s.s.web.DefaultSecurityFilterChain     : Will secure any request with [org.springframework.security.web.session.DisableEncodeUrlFilter@80081d7, org.springframework.security.web.context.request.async.WebAsyncManagerIntegrationFilter@57d0c779, org.springframework.security.web.context.SecurityContextHolderFilter@77331437, org.springframework.security.web.header.HeaderWriterFilter@439047ef, org.springframework.web.filter.CorsFilter@3070f59f, org.springframework.security.web.authentication.logout.LogoutFilter@6cd1ee, com.hitansh.hangman.filter.JwtAuthenticationFilter@33986be7, org.springframework.security.web.savedrequest.RequestCacheAwareFilter@56f569e, org.springframework.security.web.servletapi.SecurityContextHolderAwareRequestFilter@525c0f74, org.springframework.security.web.authentication.AnonymousAuthenticationFilter@2f16c21f, org.springframework.security.web.session.SessionManagementFilter@156d7556, org.springframework.security.web.access.ExceptionTranslationFilter@3b44ed3c, org.springframework.security.web.access.intercept.AuthorizationFilter@1cc878e6]
2024-06-27T20:51:59.762+05:30  WARN 10160 --- [    Test worker] o.s.s.c.a.web.builders.WebSecurity       : 

********************************************************************
**********        Security debugging is enabled.       *************
**********    This may include sensitive information.  *************
**********      Do not use in a production system!     *************
********************************************************************


2024-06-27T20:52:02.462+05:30  INFO 10160 --- [    Test worker] c.h.hangman.HangmanApplicationTests      : Started HangmanApplicationTests in 18.66 seconds (process running for 22.547)
]]></system-out>
  <system-err><![CDATA[]]></system-err>
</testsuite>
